[ 2017-09-05T21:34:43+08:00 ] 127.0.0.1 /chess/Public/Home/js/eleyi.js
INFO: [ app_init ] --START--
INFO: Run Behavior\BuildLiteBehavior [ RunTime:0.000016s ]
INFO: [ app_init ] --END-- [ RunTime:0.000700s ]
ERR: 无法加载模块:Public

[ 2017-09-05T21:34:52+08:00 ] 127.0.0.1 /chess/Public/Home/js/eleyi.js
INFO: [ app_init ] --START--
INFO: Run Behavior\BuildLiteBehavior [ RunTime:0.000011s ]
INFO: [ app_init ] --END-- [ RunTime:0.000482s ]
ERR: 无法加载模块:Public

[ 2017-09-05T21:35:07+08:00 ] 127.0.0.1 /chess/keleyib.png
INFO: [ app_init ] --START--
INFO: Run Behavior\BuildLiteBehavior [ RunTime:0.000012s ]
INFO: [ app_init ] --END-- [ RunTime:0.000577s ]
ERR: 无法加载模块:Keleyib

[ 2017-09-05T21:35:07+08:00 ] 127.0.0.1 /chess/keleyiw.png
INFO: [ app_init ] --START--
INFO: Run Behavior\BuildLiteBehavior [ RunTime:0.000012s ]
INFO: [ app_init ] --END-- [ RunTime:0.000568s ]
ERR: 无法加载模块:Keleyiw

[ 2017-09-05T21:36:12+08:00 ] 127.0.0.1 /chess/keleyib.png
INFO: [ app_init ] --START--
INFO: Run Behavior\BuildLiteBehavior [ RunTime:0.000012s ]
INFO: [ app_init ] --END-- [ RunTime:0.000604s ]
ERR: 无法加载模块:Keleyib

[ 2017-09-05T21:36:12+08:00 ] 127.0.0.1 /chess/keleyiw.png
INFO: [ app_init ] --START--
INFO: Run Behavior\BuildLiteBehavior [ RunTime:0.000012s ]
INFO: [ app_init ] --END-- [ RunTime:0.000606s ]
ERR: 无法加载模块:Keleyiw

[ 2017-09-05T21:36:12+08:00 ] 127.0.0.1 /chess/keleyib.png
INFO: [ app_init ] --START--
INFO: Run Behavior\BuildLiteBehavior [ RunTime:0.000012s ]
INFO: [ app_init ] --END-- [ RunTime:0.000547s ]
ERR: 无法加载模块:Keleyib

[ 2017-09-05T21:36:12+08:00 ] 127.0.0.1 /chess/keleyiw.png
INFO: [ app_init ] --START--
INFO: Run Behavior\BuildLiteBehavior [ RunTime:0.000009s ]
INFO: [ app_init ] --END-- [ RunTime:0.000519s ]
ERR: 无法加载模块:Keleyiw

[ 2017-09-05T21:36:12+08:00 ] 127.0.0.1 /chess/keleyib.png
INFO: [ app_init ] --START--
INFO: Run Behavior\BuildLiteBehavior [ RunTime:0.000011s ]
INFO: [ app_init ] --END-- [ RunTime:0.000543s ]
ERR: 无法加载模块:Keleyib

[ 2017-09-05T21:36:12+08:00 ] 127.0.0.1 /chess/keleyiw.png
INFO: [ app_init ] --START--
INFO: Run Behavior\BuildLiteBehavior [ RunTime:0.000011s ]
INFO: [ app_init ] --END-- [ RunTime:0.000502s ]
ERR: 无法加载模块:Keleyiw

[ 2017-09-05T21:36:13+08:00 ] 127.0.0.1 /chess/keleyib.png
INFO: [ app_init ] --START--
INFO: Run Behavior\BuildLiteBehavior [ RunTime:0.000011s ]
INFO: [ app_init ] --END-- [ RunTime:0.000487s ]
ERR: 无法加载模块:Keleyib

[ 2017-09-05T21:36:13+08:00 ] 127.0.0.1 /chess/keleyiw.png
INFO: [ app_init ] --START--
INFO: Run Behavior\BuildLiteBehavior [ RunTime:0.000015s ]
INFO: [ app_init ] --END-- [ RunTime:0.000728s ]
ERR: 无法加载模块:Keleyiw

[ 2017-09-05T21:36:13+08:00 ] 127.0.0.1 /chess/keleyib.png
INFO: [ app_init ] --START--
INFO: Run Behavior\BuildLiteBehavior [ RunTime:0.000015s ]
INFO: [ app_init ] --END-- [ RunTime:0.000540s ]
ERR: 无法加载模块:Keleyib

[ 2017-09-05T21:36:13+08:00 ] 127.0.0.1 /chess/keleyiw.png
INFO: [ app_init ] --START--
INFO: Run Behavior\BuildLiteBehavior [ RunTime:0.000018s ]
INFO: [ app_init ] --END-- [ RunTime:0.000855s ]
ERR: 无法加载模块:Keleyiw

[ 2017-09-05T21:36:13+08:00 ] 127.0.0.1 /chess/keleyib.png
INFO: [ app_init ] --START--
INFO: Run Behavior\BuildLiteBehavior [ RunTime:0.000020s ]
INFO: [ app_init ] --END-- [ RunTime:0.001014s ]
ERR: 无法加载模块:Keleyib

[ 2017-09-05T21:36:13+08:00 ] 127.0.0.1 /chess/keleyiw.png
INFO: [ app_init ] --START--
INFO: Run Behavior\BuildLiteBehavior [ RunTime:0.000012s ]
INFO: [ app_init ] --END-- [ RunTime:0.000557s ]
ERR: 无法加载模块:Keleyiw

[ 2017-09-05T21:36:15+08:00 ] 127.0.0.1 /chess/keleyib.png
INFO: [ app_init ] --START--
INFO: Run Behavior\BuildLiteBehavior [ RunTime:0.000012s ]
INFO: [ app_init ] --END-- [ RunTime:0.000524s ]
ERR: 无法加载模块:Keleyib

[ 2017-09-05T21:36:15+08:00 ] 127.0.0.1 /chess/keleyiw.png
INFO: [ app_init ] --START--
INFO: Run Behavior\BuildLiteBehavior [ RunTime:0.000019s ]
INFO: [ app_init ] --END-- [ RunTime:0.000575s ]
ERR: 无法加载模块:Keleyiw

[ 2017-09-05T21:36:15+08:00 ] 127.0.0.1 /chess/keleyib.png
INFO: [ app_init ] --START--
INFO: Run Behavior\BuildLiteBehavior [ RunTime:0.000010s ]
INFO: [ app_init ] --END-- [ RunTime:0.000544s ]
ERR: 无法加载模块:Keleyib

[ 2017-09-05T21:36:15+08:00 ] 127.0.0.1 /chess/keleyiw.png
INFO: [ app_init ] --START--
INFO: Run Behavior\BuildLiteBehavior [ RunTime:0.000014s ]
INFO: [ app_init ] --END-- [ RunTime:0.000886s ]
ERR: 无法加载模块:Keleyiw

[ 2017-09-05T21:36:15+08:00 ] 127.0.0.1 /chess/keleyib.png
INFO: [ app_init ] --START--
INFO: Run Behavior\BuildLiteBehavior [ RunTime:0.000029s ]
INFO: [ app_init ] --END-- [ RunTime:0.000789s ]
ERR: 无法加载模块:Keleyib

[ 2017-09-05T21:36:15+08:00 ] 127.0.0.1 /chess/keleyiw.png
INFO: [ app_init ] --START--
INFO: Run Behavior\BuildLiteBehavior [ RunTime:0.000022s ]
INFO: [ app_init ] --END-- [ RunTime:0.000703s ]
ERR: 无法加载模块:Keleyiw

[ 2017-09-05T21:36:15+08:00 ] 127.0.0.1 /chess/keleyib.png
INFO: [ app_init ] --START--
INFO: Run Behavior\BuildLiteBehavior [ RunTime:0.000013s ]
INFO: [ app_init ] --END-- [ RunTime:0.000544s ]
ERR: 无法加载模块:Keleyib

[ 2017-09-05T21:36:15+08:00 ] 127.0.0.1 /chess/keleyiw.png
INFO: [ app_init ] --START--
INFO: Run Behavior\BuildLiteBehavior [ RunTime:0.000012s ]
INFO: [ app_init ] --END-- [ RunTime:0.000545s ]
ERR: 无法加载模块:Keleyiw

[ 2017-09-05T21:36:15+08:00 ] 127.0.0.1 /chess/keleyib.png
INFO: [ app_init ] --START--
INFO: Run Behavior\BuildLiteBehavior [ RunTime:0.000011s ]
INFO: [ app_init ] --END-- [ RunTime:0.000557s ]
ERR: 无法加载模块:Keleyib

[ 2017-09-05T21:36:15+08:00 ] 127.0.0.1 /chess/keleyiw.png
INFO: [ app_init ] --START--
INFO: Run Behavior\BuildLiteBehavior [ RunTime:0.000012s ]
INFO: [ app_init ] --END-- [ RunTime:0.000651s ]
ERR: 无法加载模块:Keleyiw

[ 2017-09-05T21:36:16+08:00 ] 127.0.0.1 /chess/keleyib.png
INFO: [ app_init ] --START--
INFO: Run Behavior\BuildLiteBehavior [ RunTime:0.000011s ]
INFO: [ app_init ] --END-- [ RunTime:0.000548s ]
ERR: 无法加载模块:Keleyib

[ 2017-09-05T21:36:16+08:00 ] 127.0.0.1 /chess/keleyiw.png
INFO: [ app_init ] --START--
INFO: Run Behavior\BuildLiteBehavior [ RunTime:0.000017s ]
INFO: [ app_init ] --END-- [ RunTime:0.000677s ]
ERR: 无法加载模块:Keleyiw

[ 2017-09-05T21:36:16+08:00 ] 127.0.0.1 /chess/keleyib.png
INFO: [ app_init ] --START--
INFO: Run Behavior\BuildLiteBehavior [ RunTime:0.000012s ]
INFO: [ app_init ] --END-- [ RunTime:0.000507s ]
ERR: 无法加载模块:Keleyib

[ 2017-09-05T21:36:16+08:00 ] 127.0.0.1 /chess/keleyiw.png
INFO: [ app_init ] --START--
INFO: Run Behavior\BuildLiteBehavior [ RunTime:0.000013s ]
INFO: [ app_init ] --END-- [ RunTime:0.000689s ]
ERR: 无法加载模块:Keleyiw

[ 2017-09-05T21:36:16+08:00 ] 127.0.0.1 /chess/keleyib.png
INFO: [ app_init ] --START--
INFO: Run Behavior\BuildLiteBehavior [ RunTime:0.000017s ]
INFO: [ app_init ] --END-- [ RunTime:0.000627s ]
ERR: 无法加载模块:Keleyib

[ 2017-09-05T21:36:16+08:00 ] 127.0.0.1 /chess/keleyiw.png
INFO: [ app_init ] --START--
INFO: Run Behavior\BuildLiteBehavior [ RunTime:0.000010s ]
INFO: [ app_init ] --END-- [ RunTime:0.000478s ]
ERR: 无法加载模块:Keleyiw

[ 2017-09-05T21:36:17+08:00 ] 127.0.0.1 /chess/keleyib.png
INFO: [ app_init ] --START--
INFO: Run Behavior\BuildLiteBehavior [ RunTime:0.000011s ]
INFO: [ app_init ] --END-- [ RunTime:0.000602s ]
ERR: 无法加载模块:Keleyib

[ 2017-09-05T21:36:17+08:00 ] 127.0.0.1 /chess/keleyiw.png
INFO: [ app_init ] --START--
INFO: Run Behavior\BuildLiteBehavior [ RunTime:0.000014s ]
INFO: [ app_init ] --END-- [ RunTime:0.000730s ]
ERR: 无法加载模块:Keleyiw

[ 2017-09-05T21:36:17+08:00 ] 127.0.0.1 /chess/keleyib.png
INFO: [ app_init ] --START--
INFO: Run Behavior\BuildLiteBehavior [ RunTime:0.000014s ]
INFO: [ app_init ] --END-- [ RunTime:0.000536s ]
ERR: 无法加载模块:Keleyib

[ 2017-09-05T21:36:17+08:00 ] 127.0.0.1 /chess/keleyiw.png
INFO: [ app_init ] --START--
INFO: Run Behavior\BuildLiteBehavior [ RunTime:0.000017s ]
INFO: [ app_init ] --END-- [ RunTime:0.000783s ]
ERR: 无法加载模块:Keleyiw

[ 2017-09-05T21:36:17+08:00 ] 127.0.0.1 /chess/keleyib.png
INFO: [ app_init ] --START--
INFO: Run Behavior\BuildLiteBehavior [ RunTime:0.000011s ]
INFO: [ app_init ] --END-- [ RunTime:0.000545s ]
ERR: 无法加载模块:Keleyib

[ 2017-09-05T21:36:17+08:00 ] 127.0.0.1 /chess/keleyiw.png
INFO: [ app_init ] --START--
INFO: Run Behavior\BuildLiteBehavior [ RunTime:0.000013s ]
INFO: [ app_init ] --END-- [ RunTime:0.000580s ]
ERR: 无法加载模块:Keleyiw

[ 2017-09-05T21:36:17+08:00 ] 127.0.0.1 /chess/keleyib.png
INFO: [ app_init ] --START--
INFO: Run Behavior\BuildLiteBehavior [ RunTime:0.000011s ]
INFO: [ app_init ] --END-- [ RunTime:0.000526s ]
ERR: 无法加载模块:Keleyib

[ 2017-09-05T21:36:17+08:00 ] 127.0.0.1 /chess/keleyiw.png
INFO: [ app_init ] --START--
INFO: Run Behavior\BuildLiteBehavior [ RunTime:0.000015s ]
INFO: [ app_init ] --END-- [ RunTime:0.000668s ]
ERR: 无法加载模块:Keleyiw

[ 2017-09-05T21:36:18+08:00 ] 127.0.0.1 /chess/keleyib.png
INFO: [ app_init ] --START--
INFO: Run Behavior\BuildLiteBehavior [ RunTime:0.000011s ]
INFO: [ app_init ] --END-- [ RunTime:0.000486s ]
ERR: 无法加载模块:Keleyib

[ 2017-09-05T21:36:18+08:00 ] 127.0.0.1 /chess/keleyiw.png
INFO: [ app_init ] --START--
INFO: Run Behavior\BuildLiteBehavior [ RunTime:0.000013s ]
INFO: [ app_init ] --END-- [ RunTime:0.000581s ]
ERR: 无法加载模块:Keleyiw

[ 2017-09-05T21:36:18+08:00 ] 127.0.0.1 /chess/keleyib.png
INFO: [ app_init ] --START--
INFO: Run Behavior\BuildLiteBehavior [ RunTime:0.000011s ]
INFO: [ app_init ] --END-- [ RunTime:0.000477s ]
ERR: 无法加载模块:Keleyib

[ 2017-09-05T21:36:18+08:00 ] 127.0.0.1 /chess/keleyiw.png
INFO: [ app_init ] --START--
INFO: Run Behavior\BuildLiteBehavior [ RunTime:0.000012s ]
INFO: [ app_init ] --END-- [ RunTime:0.000532s ]
ERR: 无法加载模块:Keleyiw

[ 2017-09-05T21:36:18+08:00 ] 127.0.0.1 /chess/keleyib.png
INFO: [ app_init ] --START--
INFO: Run Behavior\BuildLiteBehavior [ RunTime:0.000012s ]
INFO: [ app_init ] --END-- [ RunTime:0.000528s ]
ERR: 无法加载模块:Keleyib

[ 2017-09-05T21:36:18+08:00 ] 127.0.0.1 /chess/keleyiw.png
INFO: [ app_init ] --START--
INFO: Run Behavior\BuildLiteBehavior [ RunTime:0.000022s ]
INFO: [ app_init ] --END-- [ RunTime:0.000984s ]
ERR: 无法加载模块:Keleyiw

[ 2017-09-05T21:36:40+08:00 ] 127.0.0.1 /chess/keleyib.png
INFO: [ app_init ] --START--
INFO: Run Behavior\BuildLiteBehavior [ RunTime:0.000009s ]
INFO: [ app_init ] --END-- [ RunTime:0.000441s ]
ERR: 无法加载模块:Keleyib

[ 2017-09-05T21:36:40+08:00 ] 127.0.0.1 /chess/keleyiw.png
INFO: [ app_init ] --START--
INFO: Run Behavior\BuildLiteBehavior [ RunTime:0.000012s ]
INFO: [ app_init ] --END-- [ RunTime:0.000506s ]
ERR: 无法加载模块:Keleyiw

[ 2017-09-05T21:36:41+08:00 ] 127.0.0.1 /chess/keleyib.png
INFO: [ app_init ] --START--
INFO: Run Behavior\BuildLiteBehavior [ RunTime:0.000011s ]
INFO: [ app_init ] --END-- [ RunTime:0.000469s ]
ERR: 无法加载模块:Keleyib

[ 2017-09-05T21:36:41+08:00 ] 127.0.0.1 /chess/keleyiw.png
INFO: [ app_init ] --START--
INFO: Run Behavior\BuildLiteBehavior [ RunTime:0.000014s ]
INFO: [ app_init ] --END-- [ RunTime:0.000706s ]
ERR: 无法加载模块:Keleyiw

[ 2017-09-05T21:36:41+08:00 ] 127.0.0.1 /chess/keleyib.png
INFO: [ app_init ] --START--
INFO: Run Behavior\BuildLiteBehavior [ RunTime:0.000011s ]
INFO: [ app_init ] --END-- [ RunTime:0.000471s ]
ERR: 无法加载模块:Keleyib

[ 2017-09-05T21:36:41+08:00 ] 127.0.0.1 /chess/keleyiw.png
INFO: [ app_init ] --START--
INFO: Run Behavior\BuildLiteBehavior [ RunTime:0.000015s ]
INFO: [ app_init ] --END-- [ RunTime:0.000738s ]
ERR: 无法加载模块:Keleyiw

[ 2017-09-05T21:36:41+08:00 ] 127.0.0.1 /chess/keleyib.png
INFO: [ app_init ] --START--
INFO: Run Behavior\BuildLiteBehavior [ RunTime:0.000011s ]
INFO: [ app_init ] --END-- [ RunTime:0.000480s ]
ERR: 无法加载模块:Keleyib

[ 2017-09-05T21:36:41+08:00 ] 127.0.0.1 /chess/keleyiw.png
INFO: [ app_init ] --START--
INFO: Run Behavior\BuildLiteBehavior [ RunTime:0.000013s ]
INFO: [ app_init ] --END-- [ RunTime:0.000646s ]
ERR: 无法加载模块:Keleyiw

[ 2017-09-05T21:36:41+08:00 ] 127.0.0.1 /chess/keleyib.png
INFO: [ app_init ] --START--
INFO: Run Behavior\BuildLiteBehavior [ RunTime:0.000010s ]
INFO: [ app_init ] --END-- [ RunTime:0.000449s ]
ERR: 无法加载模块:Keleyib

[ 2017-09-05T21:36:41+08:00 ] 127.0.0.1 /chess/keleyiw.png
INFO: [ app_init ] --START--
INFO: Run Behavior\BuildLiteBehavior [ RunTime:0.000025s ]
INFO: [ app_init ] --END-- [ RunTime:0.001038s ]
ERR: 无法加载模块:Keleyiw

[ 2017-09-05T21:36:41+08:00 ] 127.0.0.1 /chess/keleyib.png
INFO: [ app_init ] --START--
INFO: Run Behavior\BuildLiteBehavior [ RunTime:0.000016s ]
INFO: [ app_init ] --END-- [ RunTime:0.000606s ]
ERR: 无法加载模块:Keleyib

[ 2017-09-05T21:36:41+08:00 ] 127.0.0.1 /chess/keleyiw.png
INFO: [ app_init ] --START--
INFO: Run Behavior\BuildLiteBehavior [ RunTime:0.000011s ]
INFO: [ app_init ] --END-- [ RunTime:0.000478s ]
ERR: 无法加载模块:Keleyiw

[ 2017-09-05T21:37:10+08:00 ] 127.0.0.1 /chess/keleyib.png
INFO: [ app_init ] --START--
INFO: Run Behavior\BuildLiteBehavior [ RunTime:0.000014s ]
INFO: [ app_init ] --END-- [ RunTime:0.000600s ]
ERR: 无法加载模块:Keleyib

[ 2017-09-05T21:37:10+08:00 ] 127.0.0.1 /chess/keleyiw.png
INFO: [ app_init ] --START--
INFO: Run Behavior\BuildLiteBehavior [ RunTime:0.000011s ]
INFO: [ app_init ] --END-- [ RunTime:0.000522s ]
ERR: 无法加载模块:Keleyiw

[ 2017-09-05T21:37:10+08:00 ] 127.0.0.1 /chess/keleyib.png
INFO: [ app_init ] --START--
INFO: Run Behavior\BuildLiteBehavior [ RunTime:0.000015s ]
INFO: [ app_init ] --END-- [ RunTime:0.000631s ]
ERR: 无法加载模块:Keleyib

[ 2017-09-05T21:37:10+08:00 ] 127.0.0.1 /chess/keleyiw.png
INFO: [ app_init ] --START--
INFO: Run Behavior\BuildLiteBehavior [ RunTime:0.000010s ]
INFO: [ app_init ] --END-- [ RunTime:0.000471s ]
ERR: 无法加载模块:Keleyiw

[ 2017-09-05T21:37:10+08:00 ] 127.0.0.1 /chess/keleyib.png
INFO: [ app_init ] --START--
INFO: Run Behavior\BuildLiteBehavior [ RunTime:0.000017s ]
INFO: [ app_init ] --END-- [ RunTime:0.000679s ]
ERR: 无法加载模块:Keleyib

[ 2017-09-05T21:37:10+08:00 ] 127.0.0.1 /chess/keleyiw.png
INFO: [ app_init ] --START--
INFO: Run Behavior\BuildLiteBehavior [ RunTime:0.000016s ]
INFO: [ app_init ] --END-- [ RunTime:0.000636s ]
ERR: 无法加载模块:Keleyiw

[ 2017-09-05T21:37:10+08:00 ] 127.0.0.1 /chess/keleyib.png
INFO: [ app_init ] --START--
INFO: Run Behavior\BuildLiteBehavior [ RunTime:0.000036s ]
INFO: [ app_init ] --END-- [ RunTime:0.000921s ]
ERR: 无法加载模块:Keleyib

[ 2017-09-05T21:37:10+08:00 ] 127.0.0.1 /chess/keleyiw.png
INFO: [ app_init ] --START--
INFO: Run Behavior\BuildLiteBehavior [ RunTime:0.000009s ]
INFO: [ app_init ] --END-- [ RunTime:0.000437s ]
ERR: 无法加载模块:Keleyiw

[ 2017-09-05T21:37:11+08:00 ] 127.0.0.1 /chess/keleyib.png
INFO: [ app_init ] --START--
INFO: Run Behavior\BuildLiteBehavior [ RunTime:0.000011s ]
INFO: [ app_init ] --END-- [ RunTime:0.000478s ]
ERR: 无法加载模块:Keleyib

[ 2017-09-05T21:37:11+08:00 ] 127.0.0.1 /chess/keleyiw.png
INFO: [ app_init ] --START--
INFO: Run Behavior\BuildLiteBehavior [ RunTime:0.000011s ]
INFO: [ app_init ] --END-- [ RunTime:0.000708s ]
ERR: 无法加载模块:Keleyiw

[ 2017-09-05T21:37:11+08:00 ] 127.0.0.1 /chess/keleyib.png
INFO: [ app_init ] --START--
INFO: Run Behavior\BuildLiteBehavior [ RunTime:0.000010s ]
INFO: [ app_init ] --END-- [ RunTime:0.000438s ]
ERR: 无法加载模块:Keleyib

[ 2017-09-05T21:37:11+08:00 ] 127.0.0.1 /chess/keleyiw.png
INFO: [ app_init ] --START--
INFO: Run Behavior\BuildLiteBehavior [ RunTime:0.000011s ]
INFO: [ app_init ] --END-- [ RunTime:0.000477s ]
ERR: 无法加载模块:Keleyiw

[ 2017-09-05T21:37:11+08:00 ] 127.0.0.1 /chess/keleyib.png
INFO: [ app_init ] --START--
INFO: Run Behavior\BuildLiteBehavior [ RunTime:0.000011s ]
INFO: [ app_init ] --END-- [ RunTime:0.000487s ]
ERR: 无法加载模块:Keleyib

[ 2017-09-05T21:37:11+08:00 ] 127.0.0.1 /chess/keleyiw.png
INFO: [ app_init ] --START--
INFO: Run Behavior\BuildLiteBehavior [ RunTime:0.000010s ]
INFO: [ app_init ] --END-- [ RunTime:0.000434s ]
ERR: 无法加载模块:Keleyiw

[ 2017-09-05T21:37:11+08:00 ] 127.0.0.1 /chess/keleyib.png
INFO: [ app_init ] --START--
INFO: Run Behavior\BuildLiteBehavior [ RunTime:0.000010s ]
INFO: [ app_init ] --END-- [ RunTime:0.000506s ]
ERR: 无法加载模块:Keleyib

[ 2017-09-05T21:37:11+08:00 ] 127.0.0.1 /chess/keleyiw.png
INFO: [ app_init ] --START--
INFO: Run Behavior\BuildLiteBehavior [ RunTime:0.000015s ]
INFO: [ app_init ] --END-- [ RunTime:0.000620s ]
ERR: 无法加载模块:Keleyiw

[ 2017-09-05T21:37:12+08:00 ] 127.0.0.1 /chess/keleyib.png
INFO: [ app_init ] --START--
INFO: Run Behavior\BuildLiteBehavior [ RunTime:0.000014s ]
INFO: [ app_init ] --END-- [ RunTime:0.000506s ]
ERR: 无法加载模块:Keleyib

[ 2017-09-05T21:37:12+08:00 ] 127.0.0.1 /chess/keleyiw.png
INFO: [ app_init ] --START--
INFO: Run Behavior\BuildLiteBehavior [ RunTime:0.000011s ]
INFO: [ app_init ] --END-- [ RunTime:0.000440s ]
ERR: 无法加载模块:Keleyiw

[ 2017-09-05T21:37:12+08:00 ] 127.0.0.1 /chess/keleyib.png
INFO: [ app_init ] --START--
INFO: Run Behavior\BuildLiteBehavior [ RunTime:0.000012s ]
INFO: [ app_init ] --END-- [ RunTime:0.000537s ]
ERR: 无法加载模块:Keleyib

[ 2017-09-05T21:37:12+08:00 ] 127.0.0.1 /chess/keleyiw.png
INFO: [ app_init ] --START--
INFO: Run Behavior\BuildLiteBehavior [ RunTime:0.000011s ]
INFO: [ app_init ] --END-- [ RunTime:0.000526s ]
ERR: 无法加载模块:Keleyiw

[ 2017-09-05T21:37:12+08:00 ] 127.0.0.1 /chess/keleyib.png
INFO: [ app_init ] --START--
INFO: Run Behavior\BuildLiteBehavior [ RunTime:0.000010s ]
INFO: [ app_init ] --END-- [ RunTime:0.000442s ]
ERR: 无法加载模块:Keleyib

[ 2017-09-05T21:37:12+08:00 ] 127.0.0.1 /chess/keleyiw.png
INFO: [ app_init ] --START--
INFO: Run Behavior\BuildLiteBehavior [ RunTime:0.000014s ]
INFO: [ app_init ] --END-- [ RunTime:0.000646s ]
ERR: 无法加载模块:Keleyiw

[ 2017-09-05T21:37:13+08:00 ] 127.0.0.1 /chess/keleyib.png
INFO: [ app_init ] --START--
INFO: Run Behavior\BuildLiteBehavior [ RunTime:0.000011s ]
INFO: [ app_init ] --END-- [ RunTime:0.000463s ]
ERR: 无法加载模块:Keleyib

[ 2017-09-05T21:37:13+08:00 ] 127.0.0.1 /chess/keleyiw.png
INFO: [ app_init ] --START--
INFO: Run Behavior\BuildLiteBehavior [ RunTime:0.000011s ]
INFO: [ app_init ] --END-- [ RunTime:0.000491s ]
ERR: 无法加载模块:Keleyiw

[ 2017-09-05T21:37:13+08:00 ] 127.0.0.1 /chess/keleyib.png
INFO: [ app_init ] --START--
INFO: Run Behavior\BuildLiteBehavior [ RunTime:0.000011s ]
INFO: [ app_init ] --END-- [ RunTime:0.000604s ]
ERR: 无法加载模块:Keleyib

[ 2017-09-05T21:37:13+08:00 ] 127.0.0.1 /chess/keleyiw.png
INFO: [ app_init ] --START--
INFO: Run Behavior\BuildLiteBehavior [ RunTime:0.000017s ]
INFO: [ app_init ] --END-- [ RunTime:0.000604s ]
ERR: 无法加载模块:Keleyiw

[ 2017-09-05T21:37:13+08:00 ] 127.0.0.1 /chess/keleyib.png
INFO: [ app_init ] --START--
INFO: Run Behavior\BuildLiteBehavior [ RunTime:0.000013s ]
INFO: [ app_init ] --END-- [ RunTime:0.000600s ]
ERR: 无法加载模块:Keleyib

[ 2017-09-05T21:37:13+08:00 ] 127.0.0.1 /chess/keleyiw.png
INFO: [ app_init ] --START--
INFO: Run Behavior\BuildLiteBehavior [ RunTime:0.000016s ]
INFO: [ app_init ] --END-- [ RunTime:0.001365s ]
ERR: 无法加载模块:Keleyiw

[ 2017-09-05T21:37:13+08:00 ] 127.0.0.1 /chess/keleyib.png
INFO: [ app_init ] --START--
INFO: Run Behavior\BuildLiteBehavior [ RunTime:0.000013s ]
INFO: [ app_init ] --END-- [ RunTime:0.000602s ]
ERR: 无法加载模块:Keleyib

[ 2017-09-05T21:37:13+08:00 ] 127.0.0.1 /chess/keleyiw.png
INFO: [ app_init ] --START--
INFO: Run Behavior\BuildLiteBehavior [ RunTime:0.000013s ]
INFO: [ app_init ] --END-- [ RunTime:0.000565s ]
ERR: 无法加载模块:Keleyiw

[ 2017-09-05T21:37:14+08:00 ] 127.0.0.1 /chess/keleyib.png
INFO: [ app_init ] --START--
INFO: Run Behavior\BuildLiteBehavior [ RunTime:0.000011s ]
INFO: [ app_init ] --END-- [ RunTime:0.000503s ]
ERR: 无法加载模块:Keleyib

[ 2017-09-05T21:37:14+08:00 ] 127.0.0.1 /chess/keleyiw.png
INFO: [ app_init ] --START--
INFO: Run Behavior\BuildLiteBehavior [ RunTime:0.000010s ]
INFO: [ app_init ] --END-- [ RunTime:0.000485s ]
ERR: 无法加载模块:Keleyiw

[ 2017-09-05T21:37:14+08:00 ] 127.0.0.1 /chess/keleyib.png
INFO: [ app_init ] --START--
INFO: Run Behavior\BuildLiteBehavior [ RunTime:0.000011s ]
INFO: [ app_init ] --END-- [ RunTime:0.000466s ]
ERR: 无法加载模块:Keleyib

[ 2017-09-05T21:37:14+08:00 ] 127.0.0.1 /chess/keleyiw.png
INFO: [ app_init ] --START--
INFO: Run Behavior\BuildLiteBehavior [ RunTime:0.000016s ]
INFO: [ app_init ] --END-- [ RunTime:0.000637s ]
ERR: 无法加载模块:Keleyiw

[ 2017-09-05T21:37:14+08:00 ] 127.0.0.1 /chess/keleyib.png
INFO: [ app_init ] --START--
INFO: Run Behavior\BuildLiteBehavior [ RunTime:0.000018s ]
INFO: [ app_init ] --END-- [ RunTime:0.000661s ]
ERR: 无法加载模块:Keleyib

[ 2017-09-05T21:37:14+08:00 ] 127.0.0.1 /chess/keleyiw.png
INFO: [ app_init ] --START--
INFO: Run Behavior\BuildLiteBehavior [ RunTime:0.000011s ]
INFO: [ app_init ] --END-- [ RunTime:0.000514s ]
ERR: 无法加载模块:Keleyiw

[ 2017-09-05T21:37:14+08:00 ] 127.0.0.1 /chess/keleyib.png
INFO: [ app_init ] --START--
INFO: Run Behavior\BuildLiteBehavior [ RunTime:0.000012s ]
INFO: [ app_init ] --END-- [ RunTime:0.000497s ]
ERR: 无法加载模块:Keleyib

[ 2017-09-05T21:37:14+08:00 ] 127.0.0.1 /chess/keleyiw.png
INFO: [ app_init ] --START--
INFO: Run Behavior\BuildLiteBehavior [ RunTime:0.000010s ]
INFO: [ app_init ] --END-- [ RunTime:0.000437s ]
ERR: 无法加载模块:Keleyiw

[ 2017-09-05T21:37:14+08:00 ] 127.0.0.1 /chess/keleyib.png
INFO: [ app_init ] --START--
INFO: Run Behavior\BuildLiteBehavior [ RunTime:0.000013s ]
INFO: [ app_init ] --END-- [ RunTime:0.000603s ]
ERR: 无法加载模块:Keleyib

[ 2017-09-05T21:37:14+08:00 ] 127.0.0.1 /chess/keleyiw.png
INFO: [ app_init ] --START--
INFO: Run Behavior\BuildLiteBehavior [ RunTime:0.000012s ]
INFO: [ app_init ] --END-- [ RunTime:0.000641s ]
ERR: 无法加载模块:Keleyiw

[ 2017-09-05T21:37:15+08:00 ] 127.0.0.1 /chess/keleyib.png
INFO: [ app_init ] --START--
INFO: Run Behavior\BuildLiteBehavior [ RunTime:0.000012s ]
INFO: [ app_init ] --END-- [ RunTime:0.000535s ]
ERR: 无法加载模块:Keleyib

[ 2017-09-05T21:37:15+08:00 ] 127.0.0.1 /chess/keleyiw.png
INFO: [ app_init ] --START--
INFO: Run Behavior\BuildLiteBehavior [ RunTime:0.000010s ]
INFO: [ app_init ] --END-- [ RunTime:0.000466s ]
ERR: 无法加载模块:Keleyiw

[ 2017-09-05T21:37:15+08:00 ] 127.0.0.1 /chess/keleyib.png
INFO: [ app_init ] --START--
INFO: Run Behavior\BuildLiteBehavior [ RunTime:0.000012s ]
INFO: [ app_init ] --END-- [ RunTime:0.000496s ]
ERR: 无法加载模块:Keleyib

[ 2017-09-05T21:37:15+08:00 ] 127.0.0.1 /chess/keleyiw.png
INFO: [ app_init ] --START--
INFO: Run Behavior\BuildLiteBehavior [ RunTime:0.000016s ]
INFO: [ app_init ] --END-- [ RunTime:0.000619s ]
ERR: 无法加载模块:Keleyiw

[ 2017-09-05T21:37:15+08:00 ] 127.0.0.1 /chess/keleyib.png
INFO: [ app_init ] --START--
INFO: Run Behavior\BuildLiteBehavior [ RunTime:0.000013s ]
INFO: [ app_init ] --END-- [ RunTime:0.000509s ]
ERR: 无法加载模块:Keleyib

[ 2017-09-05T21:37:15+08:00 ] 127.0.0.1 /chess/keleyiw.png
INFO: [ app_init ] --START--
INFO: Run Behavior\BuildLiteBehavior [ RunTime:0.000014s ]
INFO: [ app_init ] --END-- [ RunTime:0.000588s ]
ERR: 无法加载模块:Keleyiw

[ 2017-09-05T21:37:15+08:00 ] 127.0.0.1 /chess/keleyib.png
INFO: [ app_init ] --START--
INFO: Run Behavior\BuildLiteBehavior [ RunTime:0.000011s ]
INFO: [ app_init ] --END-- [ RunTime:0.000498s ]
ERR: 无法加载模块:Keleyib

[ 2017-09-05T21:37:15+08:00 ] 127.0.0.1 /chess/keleyiw.png
INFO: [ app_init ] --START--
INFO: Run Behavior\BuildLiteBehavior [ RunTime:0.000016s ]
INFO: [ app_init ] --END-- [ RunTime:0.000651s ]
ERR: 无法加载模块:Keleyiw

[ 2017-09-05T21:37:15+08:00 ] 127.0.0.1 /chess/keleyib.png
INFO: [ app_init ] --START--
INFO: Run Behavior\BuildLiteBehavior [ RunTime:0.000012s ]
INFO: [ app_init ] --END-- [ RunTime:0.000607s ]
ERR: 无法加载模块:Keleyib

[ 2017-09-05T21:37:15+08:00 ] 127.0.0.1 /chess/keleyiw.png
INFO: [ app_init ] --START--
INFO: Run Behavior\BuildLiteBehavior [ RunTime:0.000015s ]
INFO: [ app_init ] --END-- [ RunTime:0.000773s ]
ERR: 无法加载模块:Keleyiw

[ 2017-09-05T21:37:16+08:00 ] 127.0.0.1 /chess/keleyib.png
INFO: [ app_init ] --START--
INFO: Run Behavior\BuildLiteBehavior [ RunTime:0.000011s ]
INFO: [ app_init ] --END-- [ RunTime:0.000508s ]
ERR: 无法加载模块:Keleyib

[ 2017-09-05T21:37:16+08:00 ] 127.0.0.1 /chess/keleyiw.png
INFO: [ app_init ] --START--
INFO: Run Behavior\BuildLiteBehavior [ RunTime:0.000011s ]
INFO: [ app_init ] --END-- [ RunTime:0.000444s ]
ERR: 无法加载模块:Keleyiw

[ 2017-09-05T21:37:16+08:00 ] 127.0.0.1 /chess/keleyib.png
INFO: [ app_init ] --START--
INFO: Run Behavior\BuildLiteBehavior [ RunTime:0.000010s ]
INFO: [ app_init ] --END-- [ RunTime:0.000435s ]
ERR: 无法加载模块:Keleyib

[ 2017-09-05T21:37:16+08:00 ] 127.0.0.1 /chess/keleyiw.png
INFO: [ app_init ] --START--
INFO: Run Behavior\BuildLiteBehavior [ RunTime:0.000011s ]
INFO: [ app_init ] --END-- [ RunTime:0.000443s ]
ERR: 无法加载模块:Keleyiw

[ 2017-09-05T21:37:16+08:00 ] 127.0.0.1 /chess/keleyib.png
INFO: [ app_init ] --START--
INFO: Run Behavior\BuildLiteBehavior [ RunTime:0.000011s ]
INFO: [ app_init ] --END-- [ RunTime:0.000520s ]
ERR: 无法加载模块:Keleyib

[ 2017-09-05T21:37:16+08:00 ] 127.0.0.1 /chess/keleyiw.png
INFO: [ app_init ] --START--
INFO: Run Behavior\BuildLiteBehavior [ RunTime:0.000011s ]
INFO: [ app_init ] --END-- [ RunTime:0.000480s ]
ERR: 无法加载模块:Keleyiw

[ 2017-09-05T21:37:16+08:00 ] 127.0.0.1 /chess/keleyib.png
INFO: [ app_init ] --START--
INFO: Run Behavior\BuildLiteBehavior [ RunTime:0.000027s ]
INFO: [ app_init ] --END-- [ RunTime:0.000998s ]
ERR: 无法加载模块:Keleyib

[ 2017-09-05T21:37:16+08:00 ] 127.0.0.1 /chess/keleyiw.png
INFO: [ app_init ] --START--
INFO: Run Behavior\BuildLiteBehavior [ RunTime:0.000017s ]
INFO: [ app_init ] --END-- [ RunTime:0.000734s ]
ERR: 无法加载模块:Keleyiw

[ 2017-09-05T21:37:16+08:00 ] 127.0.0.1 /chess/keleyib.png
INFO: [ app_init ] --START--
INFO: Run Behavior\BuildLiteBehavior [ RunTime:0.000014s ]
INFO: [ app_init ] --END-- [ RunTime:0.000692s ]
ERR: 无法加载模块:Keleyib

[ 2017-09-05T21:37:16+08:00 ] 127.0.0.1 /chess/keleyiw.png
INFO: [ app_init ] --START--
INFO: Run Behavior\BuildLiteBehavior [ RunTime:0.000012s ]
INFO: [ app_init ] --END-- [ RunTime:0.000522s ]
ERR: 无法加载模块:Keleyiw

[ 2017-09-05T21:37:51+08:00 ] 127.0.0.1 /chess/keleyib.png
INFO: [ app_init ] --START--
INFO: Run Behavior\BuildLiteBehavior [ RunTime:0.000013s ]
INFO: [ app_init ] --END-- [ RunTime:0.000470s ]
ERR: 无法加载模块:Keleyib

[ 2017-09-05T21:37:51+08:00 ] 127.0.0.1 /chess/keleyiw.png
INFO: [ app_init ] --START--
INFO: Run Behavior\BuildLiteBehavior [ RunTime:0.000013s ]
INFO: [ app_init ] --END-- [ RunTime:0.000470s ]
ERR: 无法加载模块:Keleyiw

[ 2017-09-05T21:37:51+08:00 ] 127.0.0.1 /chess/keleyib.png
INFO: [ app_init ] --START--
INFO: Run Behavior\BuildLiteBehavior [ RunTime:0.000011s ]
INFO: [ app_init ] --END-- [ RunTime:0.000454s ]
ERR: 无法加载模块:Keleyib

[ 2017-09-05T21:37:51+08:00 ] 127.0.0.1 /chess/keleyiw.png
INFO: [ app_init ] --START--
INFO: Run Behavior\BuildLiteBehavior [ RunTime:0.000018s ]
INFO: [ app_init ] --END-- [ RunTime:0.000916s ]
ERR: 无法加载模块:Keleyiw

[ 2017-09-05T21:37:51+08:00 ] 127.0.0.1 /chess/keleyib.png
INFO: [ app_init ] --START--
INFO: Run Behavior\BuildLiteBehavior [ RunTime:0.000011s ]
INFO: [ app_init ] --END-- [ RunTime:0.000594s ]
ERR: 无法加载模块:Keleyib

[ 2017-09-05T21:37:51+08:00 ] 127.0.0.1 /chess/keleyiw.png
INFO: [ app_init ] --START--
INFO: Run Behavior\BuildLiteBehavior [ RunTime:0.000014s ]
INFO: [ app_init ] --END-- [ RunTime:0.000587s ]
ERR: 无法加载模块:Keleyiw

[ 2017-09-05T21:37:54+08:00 ] 127.0.0.1 /chess/keleyib.png
INFO: [ app_init ] --START--
INFO: Run Behavior\BuildLiteBehavior [ RunTime:0.000011s ]
INFO: [ app_init ] --END-- [ RunTime:0.000535s ]
ERR: 无法加载模块:Keleyib

[ 2017-09-05T21:37:54+08:00 ] 127.0.0.1 /chess/keleyiw.png
INFO: [ app_init ] --START--
INFO: Run Behavior\BuildLiteBehavior [ RunTime:0.000011s ]
INFO: [ app_init ] --END-- [ RunTime:0.000464s ]
ERR: 无法加载模块:Keleyiw

[ 2017-09-05T21:37:54+08:00 ] 127.0.0.1 /chess/keleyib.png
INFO: [ app_init ] --START--
INFO: Run Behavior\BuildLiteBehavior [ RunTime:0.000017s ]
INFO: [ app_init ] --END-- [ RunTime:0.000673s ]
ERR: 无法加载模块:Keleyib

[ 2017-09-05T21:37:54+08:00 ] 127.0.0.1 /chess/keleyiw.png
INFO: [ app_init ] --START--
INFO: Run Behavior\BuildLiteBehavior [ RunTime:0.000010s ]
INFO: [ app_init ] --END-- [ RunTime:0.000461s ]
ERR: 无法加载模块:Keleyiw

[ 2017-09-05T21:37:54+08:00 ] 127.0.0.1 /chess/keleyib.png
INFO: [ app_init ] --START--
INFO: Run Behavior\BuildLiteBehavior [ RunTime:0.000013s ]
INFO: [ app_init ] --END-- [ RunTime:0.000577s ]
ERR: 无法加载模块:Keleyib

[ 2017-09-05T21:37:54+08:00 ] 127.0.0.1 /chess/keleyiw.png
INFO: [ app_init ] --START--
INFO: Run Behavior\BuildLiteBehavior [ RunTime:0.000011s ]
INFO: [ app_init ] --END-- [ RunTime:0.000477s ]
ERR: 无法加载模块:Keleyiw

[ 2017-09-05T21:37:55+08:00 ] 127.0.0.1 /chess/keleyib.png
INFO: [ app_init ] --START--
INFO: Run Behavior\BuildLiteBehavior [ RunTime:0.000011s ]
INFO: [ app_init ] --END-- [ RunTime:0.000541s ]
ERR: 无法加载模块:Keleyib

[ 2017-09-05T21:37:55+08:00 ] 127.0.0.1 /chess/keleyiw.png
INFO: [ app_init ] --START--
INFO: Run Behavior\BuildLiteBehavior [ RunTime:0.000011s ]
INFO: [ app_init ] --END-- [ RunTime:0.000631s ]
ERR: 无法加载模块:Keleyiw

[ 2017-09-05T21:37:55+08:00 ] 127.0.0.1 /chess/keleyib.png
INFO: [ app_init ] --START--
INFO: Run Behavior\BuildLiteBehavior [ RunTime:0.000019s ]
INFO: [ app_init ] --END-- [ RunTime:0.000695s ]
ERR: 无法加载模块:Keleyib

[ 2017-09-05T21:37:55+08:00 ] 127.0.0.1 /chess/keleyiw.png
INFO: [ app_init ] --START--
INFO: Run Behavior\BuildLiteBehavior [ RunTime:0.000011s ]
INFO: [ app_init ] --END-- [ RunTime:0.000496s ]
ERR: 无法加载模块:Keleyiw

[ 2017-09-05T21:37:55+08:00 ] 127.0.0.1 /chess/keleyib.png
INFO: [ app_init ] --START--
INFO: Run Behavior\BuildLiteBehavior [ RunTime:0.000011s ]
INFO: [ app_init ] --END-- [ RunTime:0.000470s ]
ERR: 无法加载模块:Keleyib

[ 2017-09-05T21:37:55+08:00 ] 127.0.0.1 /chess/keleyiw.png
INFO: [ app_init ] --START--
INFO: Run Behavior\BuildLiteBehavior [ RunTime:0.000019s ]
INFO: [ app_init ] --END-- [ RunTime:0.000608s ]
ERR: 无法加载模块:Keleyiw

[ 2017-09-05T21:38:44+08:00 ] 127.0.0.1 /chess/keleyib.png
INFO: [ app_init ] --START--
INFO: Run Behavior\BuildLiteBehavior [ RunTime:0.000014s ]
INFO: [ app_init ] --END-- [ RunTime:0.000458s ]
ERR: 无法加载模块:Keleyib

[ 2017-09-05T21:38:44+08:00 ] 127.0.0.1 /chess/keleyiw.png
INFO: [ app_init ] --START--
INFO: Run Behavior\BuildLiteBehavior [ RunTime:0.000011s ]
INFO: [ app_init ] --END-- [ RunTime:0.000526s ]
ERR: 无法加载模块:Keleyiw

[ 2017-09-05T21:38:45+08:00 ] 127.0.0.1 /chess/keleyib.png
INFO: [ app_init ] --START--
INFO: Run Behavior\BuildLiteBehavior [ RunTime:0.000012s ]
INFO: [ app_init ] --END-- [ RunTime:0.000524s ]
ERR: 无法加载模块:Keleyib

[ 2017-09-05T21:38:45+08:00 ] 127.0.0.1 /chess/keleyiw.png
INFO: [ app_init ] --START--
INFO: Run Behavior\BuildLiteBehavior [ RunTime:0.000016s ]
INFO: [ app_init ] --END-- [ RunTime:0.000625s ]
ERR: 无法加载模块:Keleyiw

[ 2017-09-05T21:38:45+08:00 ] 127.0.0.1 /chess/keleyib.png
INFO: [ app_init ] --START--
INFO: Run Behavior\BuildLiteBehavior [ RunTime:0.000010s ]
INFO: [ app_init ] --END-- [ RunTime:0.000502s ]
ERR: 无法加载模块:Keleyib

[ 2017-09-05T21:38:45+08:00 ] 127.0.0.1 /chess/keleyiw.png
INFO: [ app_init ] --START--
INFO: Run Behavior\BuildLiteBehavior [ RunTime:0.000014s ]
INFO: [ app_init ] --END-- [ RunTime:0.000724s ]
ERR: 无法加载模块:Keleyiw

[ 2017-09-05T21:38:45+08:00 ] 127.0.0.1 /chess/keleyib.png
INFO: [ app_init ] --START--
INFO: Run Behavior\BuildLiteBehavior [ RunTime:0.000011s ]
INFO: [ app_init ] --END-- [ RunTime:0.000494s ]
ERR: 无法加载模块:Keleyib

[ 2017-09-05T21:38:45+08:00 ] 127.0.0.1 /chess/keleyiw.png
INFO: [ app_init ] --START--
INFO: Run Behavior\BuildLiteBehavior [ RunTime:0.000013s ]
INFO: [ app_init ] --END-- [ RunTime:0.000612s ]
ERR: 无法加载模块:Keleyiw

[ 2017-09-05T21:38:45+08:00 ] 127.0.0.1 /chess/keleyib.png
INFO: [ app_init ] --START--
INFO: Run Behavior\BuildLiteBehavior [ RunTime:0.000012s ]
INFO: [ app_init ] --END-- [ RunTime:0.000573s ]
ERR: 无法加载模块:Keleyib

[ 2017-09-05T21:38:45+08:00 ] 127.0.0.1 /chess/keleyiw.png
INFO: [ app_init ] --START--
INFO: Run Behavior\BuildLiteBehavior [ RunTime:0.000010s ]
INFO: [ app_init ] --END-- [ RunTime:0.000477s ]
ERR: 无法加载模块:Keleyiw

[ 2017-09-05T21:38:45+08:00 ] 127.0.0.1 /chess/keleyib.png
INFO: [ app_init ] --START--
INFO: Run Behavior\BuildLiteBehavior [ RunTime:0.000011s ]
INFO: [ app_init ] --END-- [ RunTime:0.000498s ]
ERR: 无法加载模块:Keleyib

[ 2017-09-05T21:38:46+08:00 ] 127.0.0.1 /chess/keleyiw.png
INFO: [ app_init ] --START--
INFO: Run Behavior\BuildLiteBehavior [ RunTime:0.000021s ]
INFO: [ app_init ] --END-- [ RunTime:0.000723s ]
ERR: 无法加载模块:Keleyiw

[ 2017-09-05T21:38:46+08:00 ] 127.0.0.1 /chess/keleyib.png
INFO: [ app_init ] --START--
INFO: Run Behavior\BuildLiteBehavior [ RunTime:0.000018s ]
INFO: [ app_init ] --END-- [ RunTime:0.000630s ]
ERR: 无法加载模块:Keleyib

[ 2017-09-05T21:38:46+08:00 ] 127.0.0.1 /chess/keleyiw.png
INFO: [ app_init ] --START--
INFO: Run Behavior\BuildLiteBehavior [ RunTime:0.000012s ]
INFO: [ app_init ] --END-- [ RunTime:0.000531s ]
ERR: 无法加载模块:Keleyiw

[ 2017-09-05T21:38:46+08:00 ] 127.0.0.1 /chess/keleyib.png
INFO: [ app_init ] --START--
INFO: Run Behavior\BuildLiteBehavior [ RunTime:0.000014s ]
INFO: [ app_init ] --END-- [ RunTime:0.000590s ]
ERR: 无法加载模块:Keleyib

[ 2017-09-05T21:38:46+08:00 ] 127.0.0.1 /chess/keleyiw.png
INFO: [ app_init ] --START--
INFO: Run Behavior\BuildLiteBehavior [ RunTime:0.000011s ]
INFO: [ app_init ] --END-- [ RunTime:0.000514s ]
ERR: 无法加载模块:Keleyiw

[ 2017-09-05T21:38:46+08:00 ] 127.0.0.1 /chess/keleyib.png
INFO: [ app_init ] --START--
INFO: Run Behavior\BuildLiteBehavior [ RunTime:0.000016s ]
INFO: [ app_init ] --END-- [ RunTime:0.000648s ]
ERR: 无法加载模块:Keleyib

[ 2017-09-05T21:38:46+08:00 ] 127.0.0.1 /chess/keleyiw.png
INFO: [ app_init ] --START--
INFO: Run Behavior\BuildLiteBehavior [ RunTime:0.000011s ]
INFO: [ app_init ] --END-- [ RunTime:0.000532s ]
ERR: 无法加载模块:Keleyiw

[ 2017-09-05T21:38:46+08:00 ] 127.0.0.1 /chess/keleyib.png
INFO: [ app_init ] --START--
INFO: Run Behavior\BuildLiteBehavior [ RunTime:0.000011s ]
INFO: [ app_init ] --END-- [ RunTime:0.000528s ]
ERR: 无法加载模块:Keleyib

[ 2017-09-05T21:38:46+08:00 ] 127.0.0.1 /chess/keleyiw.png
INFO: [ app_init ] --START--
INFO: Run Behavior\BuildLiteBehavior [ RunTime:0.000012s ]
INFO: [ app_init ] --END-- [ RunTime:0.000531s ]
ERR: 无法加载模块:Keleyiw

[ 2017-09-05T21:38:46+08:00 ] 127.0.0.1 /chess/keleyib.png
INFO: [ app_init ] --START--
INFO: Run Behavior\BuildLiteBehavior [ RunTime:0.000015s ]
INFO: [ app_init ] --END-- [ RunTime:0.000619s ]
ERR: 无法加载模块:Keleyib

[ 2017-09-05T21:38:46+08:00 ] 127.0.0.1 /chess/keleyiw.png
INFO: [ app_init ] --START--
INFO: Run Behavior\BuildLiteBehavior [ RunTime:0.000013s ]
INFO: [ app_init ] --END-- [ RunTime:0.000605s ]
ERR: 无法加载模块:Keleyiw

[ 2017-09-05T21:38:46+08:00 ] 127.0.0.1 /chess/keleyib.png
INFO: [ app_init ] --START--
INFO: Run Behavior\BuildLiteBehavior [ RunTime:0.000012s ]
INFO: [ app_init ] --END-- [ RunTime:0.000515s ]
ERR: 无法加载模块:Keleyib

[ 2017-09-05T21:38:46+08:00 ] 127.0.0.1 /chess/keleyiw.png
INFO: [ app_init ] --START--
INFO: Run Behavior\BuildLiteBehavior [ RunTime:0.000032s ]
INFO: [ app_init ] --END-- [ RunTime:0.001110s ]
ERR: 无法加载模块:Keleyiw

[ 2017-09-05T21:38:46+08:00 ] 127.0.0.1 /chess/keleyib.png
INFO: [ app_init ] --START--
INFO: Run Behavior\BuildLiteBehavior [ RunTime:0.000011s ]
INFO: [ app_init ] --END-- [ RunTime:0.000523s ]
ERR: 无法加载模块:Keleyib

[ 2017-09-05T21:38:47+08:00 ] 127.0.0.1 /chess/keleyiw.png
INFO: [ app_init ] --START--
INFO: Run Behavior\BuildLiteBehavior [ RunTime:0.000018s ]
INFO: [ app_init ] --END-- [ RunTime:0.000572s ]
ERR: 无法加载模块:Keleyiw

[ 2017-09-05T21:38:47+08:00 ] 127.0.0.1 /chess/keleyib.png
INFO: [ app_init ] --START--
INFO: Run Behavior\BuildLiteBehavior [ RunTime:0.000011s ]
INFO: [ app_init ] --END-- [ RunTime:0.000460s ]
ERR: 无法加载模块:Keleyib

[ 2017-09-05T21:38:47+08:00 ] 127.0.0.1 /chess/keleyiw.png
INFO: [ app_init ] --START--
INFO: Run Behavior\BuildLiteBehavior [ RunTime:0.000017s ]
INFO: [ app_init ] --END-- [ RunTime:0.000881s ]
ERR: 无法加载模块:Keleyiw

[ 2017-09-05T21:38:47+08:00 ] 127.0.0.1 /chess/keleyib.png
INFO: [ app_init ] --START--
INFO: Run Behavior\BuildLiteBehavior [ RunTime:0.000010s ]
INFO: [ app_init ] --END-- [ RunTime:0.000441s ]
ERR: 无法加载模块:Keleyib

[ 2017-09-05T21:38:47+08:00 ] 127.0.0.1 /chess/keleyiw.png
INFO: [ app_init ] --START--
INFO: Run Behavior\BuildLiteBehavior [ RunTime:0.000012s ]
INFO: [ app_init ] --END-- [ RunTime:0.000534s ]
ERR: 无法加载模块:Keleyiw

[ 2017-09-05T21:38:47+08:00 ] 127.0.0.1 /chess/keleyib.png
INFO: [ app_init ] --START--
INFO: Run Behavior\BuildLiteBehavior [ RunTime:0.000010s ]
INFO: [ app_init ] --END-- [ RunTime:0.000454s ]
ERR: 无法加载模块:Keleyib

[ 2017-09-05T21:38:47+08:00 ] 127.0.0.1 /chess/keleyiw.png
INFO: [ app_init ] --START--
INFO: Run Behavior\BuildLiteBehavior [ RunTime:0.000108s ]
INFO: [ app_init ] --END-- [ RunTime:0.000849s ]
ERR: 无法加载模块:Keleyiw

[ 2017-09-05T21:38:50+08:00 ] 127.0.0.1 /chess/keleyib.png
INFO: [ app_init ] --START--
INFO: Run Behavior\BuildLiteBehavior [ RunTime:0.000014s ]
INFO: [ app_init ] --END-- [ RunTime:0.000601s ]
ERR: 无法加载模块:Keleyib

[ 2017-09-05T21:38:50+08:00 ] 127.0.0.1 /chess/keleyiw.png
INFO: [ app_init ] --START--
INFO: Run Behavior\BuildLiteBehavior [ RunTime:0.000014s ]
INFO: [ app_init ] --END-- [ RunTime:0.000513s ]
ERR: 无法加载模块:Keleyiw

[ 2017-09-05T21:38:51+08:00 ] 127.0.0.1 /chess/keleyib.png
INFO: [ app_init ] --START--
INFO: Run Behavior\BuildLiteBehavior [ RunTime:0.000012s ]
INFO: [ app_init ] --END-- [ RunTime:0.000497s ]
ERR: 无法加载模块:Keleyib

[ 2017-09-05T21:38:51+08:00 ] 127.0.0.1 /chess/keleyiw.png
INFO: [ app_init ] --START--
INFO: Run Behavior\BuildLiteBehavior [ RunTime:0.000011s ]
INFO: [ app_init ] --END-- [ RunTime:0.000534s ]
ERR: 无法加载模块:Keleyiw

[ 2017-09-05T21:38:51+08:00 ] 127.0.0.1 /chess/keleyib.png
INFO: [ app_init ] --START--
INFO: Run Behavior\BuildLiteBehavior [ RunTime:0.000012s ]
INFO: [ app_init ] --END-- [ RunTime:0.000551s ]
ERR: 无法加载模块:Keleyib

[ 2017-09-05T21:38:51+08:00 ] 127.0.0.1 /chess/keleyiw.png
INFO: [ app_init ] --START--
INFO: Run Behavior\BuildLiteBehavior [ RunTime:0.000012s ]
INFO: [ app_init ] --END-- [ RunTime:0.000495s ]
ERR: 无法加载模块:Keleyiw

[ 2017-09-05T21:38:51+08:00 ] 127.0.0.1 /chess/keleyib.png
INFO: [ app_init ] --START--
INFO: Run Behavior\BuildLiteBehavior [ RunTime:0.000013s ]
INFO: [ app_init ] --END-- [ RunTime:0.000480s ]
ERR: 无法加载模块:Keleyib

[ 2017-09-05T21:38:51+08:00 ] 127.0.0.1 /chess/keleyiw.png
INFO: [ app_init ] --START--
INFO: Run Behavior\BuildLiteBehavior [ RunTime:0.000011s ]
INFO: [ app_init ] --END-- [ RunTime:0.000497s ]
ERR: 无法加载模块:Keleyiw

[ 2017-09-05T21:38:51+08:00 ] 127.0.0.1 /chess/keleyib.png
INFO: [ app_init ] --START--
INFO: Run Behavior\BuildLiteBehavior [ RunTime:0.000012s ]
INFO: [ app_init ] --END-- [ RunTime:0.000593s ]
ERR: 无法加载模块:Keleyib

[ 2017-09-05T21:38:51+08:00 ] 127.0.0.1 /chess/keleyiw.png
INFO: [ app_init ] --START--
INFO: Run Behavior\BuildLiteBehavior [ RunTime:0.000013s ]
INFO: [ app_init ] --END-- [ RunTime:0.000534s ]
ERR: 无法加载模块:Keleyiw

[ 2017-09-05T21:38:53+08:00 ] 127.0.0.1 /chess/keleyib.png
INFO: [ app_init ] --START--
INFO: Run Behavior\BuildLiteBehavior [ RunTime:0.000011s ]
INFO: [ app_init ] --END-- [ RunTime:0.000512s ]
ERR: 无法加载模块:Keleyib

[ 2017-09-05T21:38:53+08:00 ] 127.0.0.1 /chess/keleyiw.png
INFO: [ app_init ] --START--
INFO: Run Behavior\BuildLiteBehavior [ RunTime:0.000012s ]
INFO: [ app_init ] --END-- [ RunTime:0.000652s ]
ERR: 无法加载模块:Keleyiw

[ 2017-09-05T21:38:53+08:00 ] 127.0.0.1 /chess/keleyib.png
INFO: [ app_init ] --START--
INFO: Run Behavior\BuildLiteBehavior [ RunTime:0.000011s ]
INFO: [ app_init ] --END-- [ RunTime:0.000520s ]
ERR: 无法加载模块:Keleyib

[ 2017-09-05T21:38:53+08:00 ] 127.0.0.1 /chess/keleyiw.png
INFO: [ app_init ] --START--
INFO: Run Behavior\BuildLiteBehavior [ RunTime:0.000014s ]
INFO: [ app_init ] --END-- [ RunTime:0.000745s ]
ERR: 无法加载模块:Keleyiw

[ 2017-09-05T21:38:54+08:00 ] 127.0.0.1 /chess/keleyib.png
INFO: [ app_init ] --START--
INFO: Run Behavior\BuildLiteBehavior [ RunTime:0.000011s ]
INFO: [ app_init ] --END-- [ RunTime:0.000500s ]
ERR: 无法加载模块:Keleyib

[ 2017-09-05T21:38:54+08:00 ] 127.0.0.1 /chess/keleyiw.png
INFO: [ app_init ] --START--
INFO: Run Behavior\BuildLiteBehavior [ RunTime:0.000011s ]
INFO: [ app_init ] --END-- [ RunTime:0.000483s ]
ERR: 无法加载模块:Keleyiw

[ 2017-09-05T21:38:54+08:00 ] 127.0.0.1 /chess/keleyib.png
INFO: [ app_init ] --START--
INFO: Run Behavior\BuildLiteBehavior [ RunTime:0.000014s ]
INFO: [ app_init ] --END-- [ RunTime:0.000587s ]
ERR: 无法加载模块:Keleyib

[ 2017-09-05T21:38:54+08:00 ] 127.0.0.1 /chess/keleyiw.png
INFO: [ app_init ] --START--
INFO: Run Behavior\BuildLiteBehavior [ RunTime:0.000027s ]
INFO: [ app_init ] --END-- [ RunTime:0.000842s ]
ERR: 无法加载模块:Keleyiw

[ 2017-09-05T21:38:54+08:00 ] 127.0.0.1 /chess/keleyib.png
INFO: [ app_init ] --START--
INFO: Run Behavior\BuildLiteBehavior [ RunTime:0.000011s ]
INFO: [ app_init ] --END-- [ RunTime:0.000508s ]
ERR: 无法加载模块:Keleyib

[ 2017-09-05T21:38:54+08:00 ] 127.0.0.1 /chess/keleyiw.png
INFO: [ app_init ] --START--
INFO: Run Behavior\BuildLiteBehavior [ RunTime:0.000012s ]
INFO: [ app_init ] --END-- [ RunTime:0.000527s ]
ERR: 无法加载模块:Keleyiw

[ 2017-09-05T21:38:54+08:00 ] 127.0.0.1 /chess/keleyib.png
INFO: [ app_init ] --START--
INFO: Run Behavior\BuildLiteBehavior [ RunTime:0.000017s ]
INFO: [ app_init ] --END-- [ RunTime:0.001305s ]
ERR: 无法加载模块:Keleyib

[ 2017-09-05T21:38:54+08:00 ] 127.0.0.1 /chess/keleyiw.png
INFO: [ app_init ] --START--
INFO: Run Behavior\BuildLiteBehavior [ RunTime:0.000016s ]
INFO: [ app_init ] --END-- [ RunTime:0.000778s ]
ERR: 无法加载模块:Keleyiw

[ 2017-09-05T21:38:56+08:00 ] 127.0.0.1 /chess/keleyib.png
INFO: [ app_init ] --START--
INFO: Run Behavior\BuildLiteBehavior [ RunTime:0.000011s ]
INFO: [ app_init ] --END-- [ RunTime:0.000547s ]
ERR: 无法加载模块:Keleyib

[ 2017-09-05T21:38:56+08:00 ] 127.0.0.1 /chess/keleyiw.png
INFO: [ app_init ] --START--
INFO: Run Behavior\BuildLiteBehavior [ RunTime:0.000010s ]
INFO: [ app_init ] --END-- [ RunTime:0.000469s ]
ERR: 无法加载模块:Keleyiw

[ 2017-09-05T21:38:56+08:00 ] 127.0.0.1 /chess/keleyib.png
INFO: [ app_init ] --START--
INFO: Run Behavior\BuildLiteBehavior [ RunTime:0.000016s ]
INFO: [ app_init ] --END-- [ RunTime:0.000703s ]
ERR: 无法加载模块:Keleyib

[ 2017-09-05T21:38:56+08:00 ] 127.0.0.1 /chess/keleyiw.png
INFO: [ app_init ] --START--
INFO: Run Behavior\BuildLiteBehavior [ RunTime:0.000012s ]
INFO: [ app_init ] --END-- [ RunTime:0.000577s ]
ERR: 无法加载模块:Keleyiw

[ 2017-09-05T21:38:56+08:00 ] 127.0.0.1 /chess/keleyib.png
INFO: [ app_init ] --START--
INFO: Run Behavior\BuildLiteBehavior [ RunTime:0.000011s ]
INFO: [ app_init ] --END-- [ RunTime:0.000478s ]
ERR: 无法加载模块:Keleyib

[ 2017-09-05T21:38:56+08:00 ] 127.0.0.1 /chess/keleyiw.png
INFO: [ app_init ] --START--
INFO: Run Behavior\BuildLiteBehavior [ RunTime:0.000018s ]
INFO: [ app_init ] --END-- [ RunTime:0.000760s ]
ERR: 无法加载模块:Keleyiw

[ 2017-09-05T21:38:56+08:00 ] 127.0.0.1 /chess/keleyib.png
INFO: [ app_init ] --START--
INFO: Run Behavior\BuildLiteBehavior [ RunTime:0.000011s ]
INFO: [ app_init ] --END-- [ RunTime:0.000510s ]
ERR: 无法加载模块:Keleyib

[ 2017-09-05T21:38:56+08:00 ] 127.0.0.1 /chess/keleyiw.png
INFO: [ app_init ] --START--
INFO: Run Behavior\BuildLiteBehavior [ RunTime:0.000011s ]
INFO: [ app_init ] --END-- [ RunTime:0.000511s ]
ERR: 无法加载模块:Keleyiw

